PS C:\wordpress\flutter_project\demo\android> cd ..
PS C:\wordpress\flutter_project\demo> flutter run --verbose
[ +253 ms] Artifact Instance of 'AndroidGenSnapshotArtifacts' is not required, skipping update.
[   +4 ms] Artifact Instance of 'AndroidInternalBuildArtifacts' is not required, skipping update.
[        ] Artifact Instance of 'IOSEngineArtifacts' is not required, skipping update.
[        ] Artifact Instance of 'FlutterWebSdk' is not required, skipping update.
[        ] Artifact Instance of 'LegacyCanvasKitRemover' is not required, skipping update.
[   +2 ms] Artifact Instance of 'WindowsEngineArtifacts' is not required, skipping update.
[        ] Artifact Instance of 'MacOSEngineArtifacts' is not required, skipping update.
[        ] Artifact Instance of 'LinuxEngineArtifacts' is not required, skipping update.
[        ] Artifact Instance of 'LinuxFuchsiaSDKArtifacts' is not required, skipping update.
[        ] Artifact Instance of 'MacOSFuchsiaSDKArtifacts' is not required, skipping update.
[        ] Artifact Instance of 'FlutterRunnerSDKArtifacts' is not required, skipping update.
[        ] Artifact Instance of 'FlutterRunnerDebugSymbols' is not required, skipping update.
[  +46 ms] executing: C:\Users\abhin\AppData\Local\Android\sdk\platform-tools\adb.exe devices -l
[  +55 ms] List of devices attached
           emulator-5554          device product:sdk_gphone16k_x86_64 model:sdk_gphone16k_x86_64 device:emu64xa16k transport_id:3
[  +41 ms] C:\Users\abhin\AppData\Local\Android\sdk\platform-tools\adb.exe -s emulator-5554 shell getprop
[ +128 ms] Artifact Instance of 'AndroidInternalBuildArtifacts' is not required, skipping update.
[        ] Artifact Instance of 'IOSEngineArtifacts' is not required, skipping update.
[   +4 ms] Artifact Instance of 'MacOSEngineArtifacts' is not required, skipping update.
[        ] Artifact Instance of 'LinuxEngineArtifacts' is not required, skipping update.
[        ] Artifact Instance of 'LinuxFuchsiaSDKArtifacts' is not required, skipping update.
[        ] Artifact Instance of 'MacOSFuchsiaSDKArtifacts' is not required, skipping update.
[        ] Artifact Instance of 'FlutterRunnerSDKArtifacts' is not required, skipping update.
[        ] Artifact Instance of 'FlutterRunnerDebugSymbols' is not required, skipping update.
[ +103 ms] Skipping pub get: version match.
[  +33 ms] Found plugin firebase_auth at C:\Users\abhin\AppData\Local\Pub\Cache\hosted\pub.dev\firebase_auth-5.2.1\
[   +9 ms] Found plugin firebase_auth_web at C:\Users\abhin\AppData\Local\Pub\Cache\hosted\pub.dev\firebase_auth_web-5.13.0\
[   +3 ms] Found plugin firebase_core at C:\Users\abhin\AppData\Local\Pub\Cache\hosted\pub.dev\firebase_core-3.4.1\
[   +3 ms] Found plugin firebase_core_web at C:\Users\abhin\AppData\Local\Pub\Cache\hosted\pub.dev\firebase_core_web-2.18.0\
[  +71 ms] Found plugin firebase_auth at C:\Users\abhin\AppData\Local\Pub\Cache\hosted\pub.dev\firebase_auth-5.2.1\
[   +4 ms] Found plugin firebase_auth_web at C:\Users\abhin\AppData\Local\Pub\Cache\hosted\pub.dev\firebase_auth_web-5.13.0\
[   +2 ms] Found plugin firebase_core at C:\Users\abhin\AppData\Local\Pub\Cache\hosted\pub.dev\firebase_core-3.4.1\
[   +3 ms] Found plugin firebase_core_web at C:\Users\abhin\AppData\Local\Pub\Cache\hosted\pub.dev\firebase_core_web-2.18.0\
[  +69 ms] Found plugin firebase_auth at C:\Users\abhin\AppData\Local\Pub\Cache\hosted\pub.dev\firebase_auth-5.2.1\
[   +2 ms] Found plugin firebase_auth_web at C:\Users\abhin\AppData\Local\Pub\Cache\hosted\pub.dev\firebase_auth_web-5.13.0\
[   +2 ms] Found plugin firebase_core at C:\Users\abhin\AppData\Local\Pub\Cache\hosted\pub.dev\firebase_core-3.4.1\
[   +2 ms] Found plugin firebase_core_web at C:\Users\abhin\AppData\Local\Pub\Cache\hosted\pub.dev\firebase_core_web-2.18.0\
[  +32 ms] Generating C:\wordpress\flutter_project\demo\android\app\src\main\java\io\flutter\plugins\GeneratedPluginRegistrant.java
[  +46 ms] ro.hardware = ranchu
[  +63 ms] No packages with native assets. Skipping native assets compilation.
[   +2 ms] Initializing file store
[   +7 ms] Skipping target: gen_localizations
[   +4 ms] gen_dart_plugin_registrant: Starting due to {InvalidatedReasonKind.inputChanged: The following inputs have updated contents:
C:\wordpress\flutter_project\demo\.dart_tool\package_config_subset}
[  +46 ms] Found plugin firebase_auth at C:\Users\abhin\AppData\Local\Pub\Cache\hosted\pub.dev\firebase_auth-5.2.1\
[   +6 ms] Found plugin firebase_auth_web at C:\Users\abhin\AppData\Local\Pub\Cache\hosted\pub.dev\firebase_auth_web-5.13.0\
[   +3 ms] Found plugin firebase_core at C:\Users\abhin\AppData\Local\Pub\Cache\hosted\pub.dev\firebase_core-3.4.1\
[   +4 ms] Found plugin firebase_core_web at C:\Users\abhin\AppData\Local\Pub\Cache\hosted\pub.dev\firebase_core_web-2.18.0\
[  +28 ms] gen_dart_plugin_registrant: Complete
[   +1 ms] Skipping target: _composite
[   +1 ms] complete
[   +6 ms] Launching lib\main.dart on sdk gphone16k x86 64 in debug mode...
[   +3 ms] C:\src\flutter\bin\cache\dart-sdk\bin\dartaotruntime.exe --disable-dart-dev
C:\src\flutter\bin\cache\dart-sdk\bin\snapshots\frontend_server_aot.dart.snapshot --sdk-root C:\src\flutter\bin\cache\artifacts\engine\common\flutter_patched_sdk/  
--incremental --target=flutter --experimental-emit-debug-metadata
-DFLUTTER_WEB_CANVASKIT_URL=https://www.gstatic.com/flutter-canvaskit/235db911ba279722f5e685f38b0ed30fa7e8570a/ --output-dill
C:\Users\abhin\AppData\Local\Temp\flutter_tools.a2445116\flutter_tool.eac01bdb\app.dill --packages C:\wordpress\flutter_project\demo\.dart_tool\package_config.json 
-Ddart.vm.profile=false -Ddart.vm.product=false --enable-asserts --track-widget-creation --filesystem-scheme org-dartlang-root --initialize-from-dill
build\1906162ccb255627e94d2d17da8fe11e.cache.dill.track.dill --verbosity=error --enable-experiment=alternative-invalidation-strategy
[   +9 ms] executing: C:\Users\abhin\AppData\Local\Android\sdk\platform-tools\adb.exe -s emulator-5554 shell -x logcat -v time -t 1
[   +7 ms] <- compile package:demo/main.dart
[ +101 ms] --------- beginning of main
                    09-14 21:06:12.601 V/ClearcutMetricXmitter( 1454): Transmission is done.
[   +7 ms] executing: C:\Users\abhin\AppData\Local\Android\sdk\platform-tools\adb.exe version
[  +36 ms] Android Debug Bridge version 1.0.41
           Version 35.0.1-11580240
           Installed as C:\Users\abhin\AppData\Local\Android\sdk\platform-tools\adb.exe
           Running on Windows 10.0.22631
[   +2 ms] executing: C:\Users\abhin\AppData\Local\Android\sdk\platform-tools\adb.exe start-server
[  +41 ms] Building APK
[  +11 ms] executing: C:\Program Files\Android\Android Studio\jbr\bin\java -version
[ +122 ms] Exit code 0 from: C:\Program Files\Android\Android Studio\jbr\bin\java -version
[        ] openjdk version "17.0.11" 2024-04-16
           OpenJDK Runtime Environment (build 17.0.11+0--11852314)
           OpenJDK 64-Bit Server VM (build 17.0.11+0--11852314, mixed mode)
[  +11 ms] executing: C:\Program Files\Android\Android Studio\jbr\bin\java --version
[ +112 ms] Exit code 0 from: C:\Program Files\Android\Android Studio\jbr\bin\java --version
[        ] openjdk 17.0.11 2024-04-16
           OpenJDK Runtime Environment (build 17.0.11+0--11852314)
           OpenJDK 64-Bit Server VM (build 17.0.11+0--11852314, mixed mode)
[  +22 ms] Using gradle from C:\wordpress\flutter_project\demo\android\gradlew.bat.
[   +1 ms] Running Gradle task 'assembleDebug'...
[   +6 ms] executing: [C:\wordpress\flutter_project\demo\android/] C:\wordpress\flutter_project\demo\android\gradlew.bat --full-stacktrace --info -Pverbose=true    
-Ptarget-platform=android-x64 -Ptarget=C:\wordpress\flutter_project\demo\lib\main.dart -Pbase-application-name=android.app.Application
-Pdart-defines=RkxVVFRFUl9XRUJfQ0FOVkFTS0lUX1VSTD1odHRwczovL3d3dy5nc3RhdGljLmNvbS9mbHV0dGVyLWNhbnZhc2tpdC8yMzVkYjkxMWJhMjc5NzIyZjVlNjg1ZjM4YjBlZDMwZmE3ZTg1NzBhLw== 
-Pdart-obfuscation=false -Ptrack-widget-creation=true -Ptree-shake-icons=false -Pfilesystem-scheme=org-dartlang-root assembleDebug
[ +480 ms] Initialized native services in: C:\Users\abhin\.gradle\native
[        ] Initialized jansi services in: C:\Users\abhin\.gradle\native
[ +124 ms] Welcome to Gradle 7.4!
[   +1 ms] Here are the highlights of this release:
[        ]  - Aggregated test and JaCoCo reports
[        ]  - Marking additional test source directories as tests in IntelliJ
[        ]  - Support for Adoptium JDKs in Java toolchains
[   +1 ms] For more details see https://docs.gradle.org/7.4/release-notes.html
[ +289 ms] The client will now receive all logging from the daemon (pid: 2756). The daemon log file: C:\Users\abhin\.gradle\daemon\7.4\daemon-2756.out.log
[   +2 ms] Starting 4th build in daemon [uptime: 15 mins 2.233 secs, performance: 100%]
[   +1 ms] Using 12 worker leases.
[        ] Now considering [C:\wordpress\flutter_project\demo\android, C:\src\flutter\packages\flutter_tools\gradle] as hierarchies to watch
[        ] Watching the file system is configured to be enabled if available
[   +2 ms] File system watching is active
[   +1 ms] Starting Build
[   +1 ms] Now considering [C:\src\flutter\packages\flutter_tools\gradle, C:\wordpress\flutter_project\demo\android] as hierarchies to watch
[   +1 ms] > Configure project :gradle
[        ] Evaluating project ':gradle' using build file 'C:\src\flutter\packages\flutter_tools\gradle\build.gradle.kts'.
[   +1 ms] Caching disabled for Kotlin DSL accessors for project ':gradle' because:
[   +2 ms]   Build cache is disabled
[   +1 ms] Skipping Kotlin DSL accessors for project ':gradle' as it is up-to-date.
[        ] :gradle:compileJava (Thread[Execution worker for ':gradle',5,main]) started.
[        ] > Task :gradle:compileJava NO-SOURCE
[        ] Skipping task ':gradle:compileJava' as it has no source files and no previous output files.
[        ] :gradle:compileJava (Thread[Execution worker for ':gradle',5,main]) completed. Took 0.003 secs.
[   +1 ms] :gradle:compileGroovy (Thread[Execution worker for ':gradle',5,main]) started.
[  +72 ms] > Task :gradle:compileGroovy UP-TO-DATE
[        ] Caching disabled for task ':gradle:compileGroovy' because:
[        ]   Build cache is disabled
[        ] Skipping task ':gradle:compileGroovy' as it is up-to-date.
[        ] :gradle:compileGroovy (Thread[Execution worker for ':gradle',5,main]) completed. Took 0.019 secs.
[   +1 ms] :gradle:pluginDescriptors (Thread[Execution worker for ':gradle' Thread 3,5,main]) started.
[   +2 ms] > Task :gradle:pluginDescriptors UP-TO-DATE
[        ] Caching disabled for task ':gradle:pluginDescriptors' because:
[   +2 ms]   Build cache is disabled
[   +1 ms] Skipping task ':gradle:pluginDescriptors' as it is up-to-date.
[   +1 ms] :gradle:pluginDescriptors (Thread[Execution worker for ':gradle' Thread 3,5,main]) completed. Took 0.001 secs.
[        ] :gradle:processResources (Thread[Execution worker for ':gradle' Thread 3,5,main]) started.
[   +5 ms] > Task :gradle:processResources UP-TO-DATE
[        ] Caching disabled for task ':gradle:processResources' because:
[        ]   Build cache is disabled
[   +1 ms] Skipping task ':gradle:processResources' as it is up-to-date.
[   +1 ms] :gradle:processResources (Thread[Execution worker for ':gradle' Thread 3,5,main]) completed. Took 0.003 secs.
[        ] :gradle:classes (Thread[Execution worker for ':gradle' Thread 3,5,main]) started.
[        ] > Task :gradle:classes UP-TO-DATE
[        ] Skipping task ':gradle:classes' as it has no actions.
[        ] :gradle:classes (Thread[Execution worker for ':gradle' Thread 3,5,main]) completed. Took 0.0 secs.
[        ] :gradle:jar (Thread[Execution worker for ':gradle' Thread 3,5,main]) started.
[   +1 ms] > Task :gradle:jar UP-TO-DATE
[   +1 ms] Caching disabled for task ':gradle:jar' because:
[        ]   Build cache is disabled
[        ] Skipping task ':gradle:jar' as it is up-to-date.
[        ] :gradle:jar (Thread[Execution worker for ':gradle' Thread 3,5,main]) completed. Took 0.002 secs.
[  +78 ms] Settings evaluated using settings file 'C:\wordpress\flutter_project\demo\android\settings.gradle'.
[   +4 ms] Projects loaded. Root project using build file 'C:\wordpress\flutter_project\demo\android\build.gradle'.
[        ] Included projects: [root project 'android', project ':app', project ':firebase_auth', project ':firebase_core']
[ +180 ms] > Configure project :app
[        ] Evaluating project ':app' using build file 'C:\wordpress\flutter_project\demo\android\app\build.gradle'.
[        ] Using Kotlin Gradle Plugin gradle70 variant
[        ] Compiling build file 'C:\wordpress\flutter_project\demo\android\app\build.gradle' using BuildScriptTransformer.
[   +2 ms] > Configure project :
[   +1 ms] Evaluating root project 'android' using build file 'C:\wordpress\flutter_project\demo\android\build.gradle'.
[   +3 ms] FAILURE: Build failed with an exception.
[   +2 ms] * Where:
[        ] Build file 'C:\wordpress\flutter_project\demo\android\app\build.gradle' line: 72
[  +42 ms] * What went wrong:
[        ] Could not compile build file 'C:\wordpress\flutter_project\demo\android\app\build.gradle'.
[        ] > startup failed:
[        ]   build file 'C:\wordpress\flutter_project\demo\android\app\build.gradle': 72: The current scope already contains a variable of the name
flutterVersionName
[        ]    @ line 72, column 5.
[        ]      def flutterVersionName = "1.0.0"
[        ]          ^
[   +1 ms]   build file 'C:\wordpress\flutter_project\demo\android\app\build.gradle': 73: The current scope already contains a variable of the name
flutterVersionCode
[   +1 ms]    @ line 73, column 5.
[   +1 ms]      def flutterVersionCode = 1
[        ]          ^
[        ]   2 errors
[        ] * Try:
[        ] > Run with --debug option to get more log output.
[        ] > Run with --scan to get full insights.
[        ] * Exception is:
[        ] org.gradle.groovy.scripts.ScriptCompilationException: Could not compile build file 'C:\wordpress\flutter_project\demo\android\app\build.gradle'.
[        ]      at org.gradle.groovy.scripts.internal.DefaultScriptCompilationHandler.wrapCompilationFailure(DefaultScriptCompilationHandler.java:192)
[   +1 ms]      at org.gradle.groovy.scripts.internal.DefaultScriptCompilationHandler.compileScript(DefaultScriptCompilationHandler.java:141)
[        ]      at org.gradle.groovy.scripts.internal.DefaultScriptCompilationHandler.compileToDir(DefaultScriptCompilationHandler.java:95)
[        ]      at org.gradle.groovy.scripts.internal.BuildOperationBackedScriptCompilationHandler$2.run(BuildOperationBackedScriptCompilationHandler.java:54)      
[        ]      at org.gradle.internal.operations.DefaultBuildOperationRunner$1.execute(DefaultBuildOperationRunner.java:29)
[        ]      at org.gradle.internal.operations.DefaultBuildOperationRunner$1.execute(DefaultBuildOperationRunner.java:26)
[        ]      at org.gradle.internal.operations.DefaultBuildOperationRunner$2.execute(DefaultBuildOperationRunner.java:66)
[        ]      at org.gradle.internal.operations.DefaultBuildOperationRunner$2.execute(DefaultBuildOperationRunner.java:59)
[        ]      at org.gradle.internal.operations.DefaultBuildOperationRunner.execute(DefaultBuildOperationRunner.java:157)
[        ]      at org.gradle.internal.operations.DefaultBuildOperationRunner.execute(DefaultBuildOperationRunner.java:59)
[        ]      at org.gradle.internal.operations.DefaultBuildOperationRunner.run(DefaultBuildOperationRunner.java:47)
[        ]      at org.gradle.internal.operations.DefaultBuildOperationExecutor.run(DefaultBuildOperationExecutor.java:68)
[        ]      at org.gradle.groovy.scripts.internal.BuildOperationBackedScriptCompilationHandler.compileToDir(BuildOperationBackedScriptCompilationHandler.java:51)
[   +1 ms]      at
org.gradle.groovy.scripts.internal.FileCacheBackedScriptClassCompiler$CompileToCrossBuildCacheAction.execute(FileCacheBackedScriptClassCompiler.java:190)
[   +1 ms]      at
org.gradle.groovy.scripts.internal.FileCacheBackedScriptClassCompiler$CompileToCrossBuildCacheAction.execute(FileCacheBackedScriptClassCompiler.java:170)
[   +1 ms]      at
org.gradle.groovy.scripts.internal.FileCacheBackedScriptClassCompiler$ProgressReportingInitializer.execute(FileCacheBackedScriptClassCompiler.java:211)
[        ]      at
org.gradle.groovy.scripts.internal.FileCacheBackedScriptClassCompiler$ProgressReportingInitializer.execute(FileCacheBackedScriptClassCompiler.java:194)
[        ]      at org.gradle.cache.internal.DefaultPersistentDirectoryCache$Initializer.initialize(DefaultPersistentDirectoryCache.java:100)
[        ]      at org.gradle.cache.internal.FixedSharedModeCrossProcessCacheAccess$1.run(FixedSharedModeCrossProcessCacheAccess.java:86)
[        ]      at org.gradle.cache.internal.DefaultFileLockManager$DefaultFileLock.doWriteAction(DefaultFileLockManager.java:216)
[        ]      at org.gradle.cache.internal.DefaultFileLockManager$DefaultFileLock.writeFile(DefaultFileLockManager.java:206)
[        ]      at org.gradle.cache.internal.FixedSharedModeCrossProcessCacheAccess.open(FixedSharedModeCrossProcessCacheAccess.java:83)
[        ]      at org.gradle.cache.internal.DefaultCacheAccess.open(DefaultCacheAccess.java:139)
[        ]      at org.gradle.cache.internal.DefaultPersistentDirectoryStore.open(DefaultPersistentDirectoryStore.java:89)
[   +1 ms]      at org.gradle.cache.internal.DefaultPersistentDirectoryStore.open(DefaultPersistentDirectoryStore.java:43)
[        ]      at org.gradle.cache.internal.DefaultCacheFactory.doOpen(DefaultCacheFactory.java:103)
[   +1 ms]      at org.gradle.cache.internal.DefaultCacheFactory.open(DefaultCacheFactory.java:68)
[   +1 ms]      at org.gradle.cache.internal.DefaultCacheRepository$PersistentCacheBuilder.open(DefaultCacheRepository.java:117)
[        ]      at org.gradle.groovy.scripts.internal.FileCacheBackedScriptClassCompiler.compile(FileCacheBackedScriptClassCompiler.java:116)
[        ]      at org.gradle.groovy.scripts.internal.CrossBuildInMemoryCachingScriptClassCache.getOrCompile(CrossBuildInMemoryCachingScriptClassCache.java:50)     
[        ]      at org.gradle.groovy.scripts.internal.BuildScopeInMemoryCachingScriptClassCompiler.compile(BuildScopeInMemoryCachingScriptClassCompiler.java:50)
[        ]      at org.gradle.groovy.scripts.DefaultScriptCompilerFactory$ScriptCompilerImpl.compile(DefaultScriptCompilerFactory.java:49)
[        ]      at org.gradle.configuration.DefaultScriptPluginFactory$ScriptPluginImpl.apply(DefaultScriptPluginFactory.java:125)
[        ]      at org.gradle.configuration.BuildOperationScriptPlugin$1.run(BuildOperationScriptPlugin.java:65)
[        ]      at org.gradle.internal.operations.DefaultBuildOperationRunner$1.execute(DefaultBuildOperationRunner.java:29)
[        ]      at org.gradle.internal.operations.DefaultBuildOperationRunner$1.execute(DefaultBuildOperationRunner.java:26)
[        ]      at org.gradle.internal.operations.DefaultBuildOperationRunner$2.execute(DefaultBuildOperationRunner.java:66)
[        ]      at org.gradle.internal.operations.DefaultBuildOperationRunner$2.execute(DefaultBuildOperationRunner.java:59)
[        ]      at org.gradle.internal.operations.DefaultBuildOperationRunner.execute(DefaultBuildOperationRunner.java:157)
[        ]      at org.gradle.internal.operations.DefaultBuildOperationRunner.execute(DefaultBuildOperationRunner.java:59)
[        ]      at org.gradle.internal.operations.DefaultBuildOperationRunner.run(DefaultBuildOperationRunner.java:47)
[        ]      at org.gradle.internal.operations.DefaultBuildOperationExecutor.run(DefaultBuildOperationExecutor.java:68)
[        ]      at org.gradle.configuration.BuildOperationScriptPlugin.lambda$apply$0(BuildOperationScriptPlugin.java:62)
[        ]      at org.gradle.configuration.internal.DefaultUserCodeApplicationContext.apply(DefaultUserCodeApplicationContext.java:44)
[        ]      at org.gradle.configuration.BuildOperationScriptPlugin.apply(BuildOperationScriptPlugin.java:62)
[        ]      at org.gradle.api.internal.project.DefaultProjectStateRegistry$ProjectStateImpl.lambda$applyToMutableState$0(DefaultProjectStateRegistry.java:360)  
[        ]      at org.gradle.api.internal.project.DefaultProjectStateRegistry$ProjectStateImpl.fromMutableState(DefaultProjectStateRegistry.java:378)
[        ]      at org.gradle.api.internal.project.DefaultProjectStateRegistry$ProjectStateImpl.applyToMutableState(DefaultProjectStateRegistry.java:359)
[   +1 ms]      at org.gradle.configuration.project.BuildScriptProcessor.execute(BuildScriptProcessor.java:42)
[        ]      at org.gradle.configuration.project.BuildScriptProcessor.execute(BuildScriptProcessor.java:26)
[        ]      at org.gradle.configuration.project.ConfigureActionsProjectEvaluator.evaluate(ConfigureActionsProjectEvaluator.java:35)
[        ]      at org.gradle.configuration.project.LifecycleProjectEvaluator$EvaluateProject.lambda$run$0(LifecycleProjectEvaluator.java:109)
[        ]      at org.gradle.api.internal.project.DefaultProjectStateRegistry$ProjectStateImpl.lambda$applyToMutableState$0(DefaultProjectStateRegistry.java:360)  
[        ]      at org.gradle.api.internal.project.DefaultProjectStateRegistry$ProjectStateImpl.fromMutableState(DefaultProjectStateRegistry.java:378)
[        ]      at org.gradle.api.internal.project.DefaultProjectStateRegistry$ProjectStateImpl.applyToMutableState(DefaultProjectStateRegistry.java:359)
[        ]      at org.gradle.configuration.project.LifecycleProjectEvaluator$EvaluateProject.run(LifecycleProjectEvaluator.java:100)
[        ]      at org.gradle.internal.operations.DefaultBuildOperationRunner$1.execute(DefaultBuildOperationRunner.java:29)
[        ]      at org.gradle.internal.operations.DefaultBuildOperationRunner$1.execute(DefaultBuildOperationRunner.java:26)
[   +1 ms]      at org.gradle.internal.operations.DefaultBuildOperationRunner$2.execute(DefaultBuildOperationRunner.java:66)
[        ]      at org.gradle.internal.operations.DefaultBuildOperationRunner$2.execute(DefaultBuildOperationRunner.java:59)
[   +1 ms]      at org.gradle.internal.operations.DefaultBuildOperationRunner.execute(DefaultBuildOperationRunner.java:157)
[        ]      at org.gradle.internal.operations.DefaultBuildOperationRunner.execute(DefaultBuildOperationRunner.java:59)
[        ]      at org.gradle.internal.operations.DefaultBuildOperationRunner.run(DefaultBuildOperationRunner.java:47)
[        ]      at org.gradle.internal.operations.DefaultBuildOperationExecutor.run(DefaultBuildOperationExecutor.java:68)
[        ]      at org.gradle.configuration.project.LifecycleProjectEvaluator.evaluate(LifecycleProjectEvaluator.java:72)
[        ]      at org.gradle.api.internal.project.DefaultProject.evaluate(DefaultProject.java:760)
[        ]      at org.gradle.api.internal.project.DefaultProject.evaluate(DefaultProject.java:151)
[        ]      at org.gradle.api.internal.project.DefaultProjectStateRegistry$ProjectStateImpl.ensureConfigured(DefaultProjectStateRegistry.java:328)
[        ]      at org.gradle.api.internal.project.DefaultProject.evaluationDependsOn(DefaultProject.java:835)
[        ]      at org.gradle.api.internal.project.DefaultProject.evaluationDependsOn(DefaultProject.java:827)
[        ]      at org.gradle.api.Project$evaluationDependsOn.call(Unknown Source)
[        ]      at build_53scesxicacg0widihevfgsmt$_run_closure3.doCall(C:\wordpress\flutter_project\demo\android\build.gradle:13)
[        ]      at java.base/jdk.internal.reflect.NativeMethodAccessorImpl.invoke0(Native Method)
[        ]      at java.base/jdk.internal.reflect.NativeMethodAccessorImpl.invoke(NativeMethodAccessorImpl.java:77)
[        ]      at java.base/jdk.internal.reflect.DelegatingMethodAccessorImpl.invoke(DelegatingMethodAccessorImpl.java:43)
[        ]      at java.base/java.lang.reflect.Method.invoke(Method.java:568)
[        ]      at org.codehaus.groovy.reflection.CachedMethod.invoke(CachedMethod.java:107)
[        ]      at groovy.lang.MetaMethod.doMethodInvoke(MetaMethod.java:323)
[        ]      at org.codehaus.groovy.runtime.metaclass.ClosureMetaClass.invokeMethod(ClosureMetaClass.java:274)
[        ]      at groovy.lang.MetaClassImpl.invokeMethod(MetaClassImpl.java:1035)
[        ]      at groovy.lang.Closure.call(Closure.java:412)
[        ]      at groovy.lang.Closure.call(Closure.java:428)
[        ]      at org.gradle.util.internal.ClosureBackedAction.execute(ClosureBackedAction.java:72)
[        ]      at org.gradle.util.internal.ConfigureUtil.configureTarget(ConfigureUtil.java:155)
[        ]      at org.gradle.util.internal.ConfigureUtil.configure(ConfigureUtil.java:106)
[        ]      at org.gradle.util.internal.ConfigureUtil$WrappedConfigureAction.execute(ConfigureUtil.java:167)
[   +1 ms]      at org.gradle.api.internal.DefaultMutationGuard$2.execute(DefaultMutationGuard.java:44)
[        ]      at org.gradle.internal.Actions.with(Actions.java:249)
[        ]      at org.gradle.api.internal.project.BuildOperationCrossProjectConfigurator$1.run(BuildOperationCrossProjectConfigurator.java:69)
[        ]      at org.gradle.internal.operations.DefaultBuildOperationRunner$1.execute(DefaultBuildOperationRunner.java:29)
[        ]      at org.gradle.internal.operations.DefaultBuildOperationRunner$1.execute(DefaultBuildOperationRunner.java:26)
[        ]      at org.gradle.internal.operations.DefaultBuildOperationRunner$2.execute(DefaultBuildOperationRunner.java:66)
[        ]      at org.gradle.internal.operations.DefaultBuildOperationRunner$2.execute(DefaultBuildOperationRunner.java:59)
[        ]      at org.gradle.internal.operations.DefaultBuildOperationRunner.execute(DefaultBuildOperationRunner.java:157)
[        ]      at org.gradle.internal.operations.DefaultBuildOperationRunner.execute(DefaultBuildOperationRunner.java:59)
[        ]      at org.gradle.internal.operations.DefaultBuildOperationRunner.run(DefaultBuildOperationRunner.java:47)
[        ]      at org.gradle.internal.operations.DefaultBuildOperationExecutor.run(DefaultBuildOperationExecutor.java:68)
[        ]      at
org.gradle.api.internal.project.BuildOperationCrossProjectConfigurator.lambda$runProjectConfigureAction$0(BuildOperationCrossProjectConfigurator.java:66)
[        ]      at org.gradle.api.internal.project.DefaultProjectStateRegistry$ProjectStateImpl.lambda$applyToMutableState$0(DefaultProjectStateRegistry.java:360)  
[        ]      at org.gradle.api.internal.project.DefaultProjectStateRegistry$ProjectStateImpl.fromMutableState(DefaultProjectStateRegistry.java:378)
[        ]      at org.gradle.api.internal.project.DefaultProjectStateRegistry$ProjectStateImpl.applyToMutableState(DefaultProjectStateRegistry.java:359)
[        ]      at org.gradle.api.internal.project.BuildOperationCrossProjectConfigurator.runProjectConfigureAction(BuildOperationCrossProjectConfigurator.java:66) 
[        ]      at org.gradle.api.internal.project.BuildOperationCrossProjectConfigurator.access$100(BuildOperationCrossProjectConfigurator.java:32)
[        ]      at
org.gradle.api.internal.project.BuildOperationCrossProjectConfigurator$BlockConfigureBuildOperation.run(BuildOperationCrossProjectConfigurator.java:111)
[        ]      at org.gradle.internal.operations.DefaultBuildOperationRunner$1.execute(DefaultBuildOperationRunner.java:29)
[        ]      at org.gradle.internal.operations.DefaultBuildOperationRunner$1.execute(DefaultBuildOperationRunner.java:26)
[        ]      at org.gradle.internal.operations.DefaultBuildOperationRunner$2.execute(DefaultBuildOperationRunner.java:66)
[        ]      at org.gradle.internal.operations.DefaultBuildOperationRunner$2.execute(DefaultBuildOperationRunner.java:59)
[   +1 ms]      at org.gradle.internal.operations.DefaultBuildOperationRunner.execute(DefaultBuildOperationRunner.java:157)
[   +1 ms]      at org.gradle.internal.operations.DefaultBuildOperationRunner.execute(DefaultBuildOperationRunner.java:59)
[        ]      at org.gradle.internal.operations.DefaultBuildOperationRunner.run(DefaultBuildOperationRunner.java:47)
[        ]      at org.gradle.internal.operations.DefaultBuildOperationExecutor.run(DefaultBuildOperationExecutor.java:68)
[        ]      at org.gradle.api.internal.project.BuildOperationCrossProjectConfigurator.runBlockConfigureAction(BuildOperationCrossProjectConfigurator.java:62)   
[   +1 ms]      at org.gradle.api.internal.project.BuildOperationCrossProjectConfigurator.subprojects(BuildOperationCrossProjectConfigurator.java:48)
[        ]      at org.gradle.api.internal.project.DefaultProject.subprojects(DefaultProject.java:726)
[        ]      at org.gradle.api.internal.project.DefaultProject.subprojects(DefaultProject.java:716)
[        ]      at java.base/jdk.internal.reflect.NativeMethodAccessorImpl.invoke0(Native Method)
[        ]      at java.base/jdk.internal.reflect.NativeMethodAccessorImpl.invoke(NativeMethodAccessorImpl.java:77)
[        ]      at java.base/jdk.internal.reflect.DelegatingMethodAccessorImpl.invoke(DelegatingMethodAccessorImpl.java:43)
[        ]      at java.base/java.lang.reflect.Method.invoke(Method.java:568)
[        ]      at org.codehaus.groovy.reflection.CachedMethod.invoke(CachedMethod.java:107)
[        ]      at groovy.lang.MetaMethod.doMethodInvoke(MetaMethod.java:323)
[        ]      at org.gradle.internal.metaobject.BeanDynamicObject$MetaClassAdapter.invokeMethod(BeanDynamicObject.java:484)
[        ]      at org.gradle.internal.metaobject.BeanDynamicObject.tryInvokeMethod(BeanDynamicObject.java:196)
[        ]      at org.gradle.internal.metaobject.CompositeDynamicObject.tryInvokeMethod(CompositeDynamicObject.java:98)
[        ]      at org.gradle.internal.extensibility.MixInClosurePropertiesAsMethodsDynamicObject.tryInvokeMethod(MixInClosurePropertiesAsMethodsDynamicObject.java:34)
[        ]      at org.gradle.groovy.scripts.BasicScript$ScriptDynamicObject.tryInvokeMethod(BasicScript.java:135)
[        ]      at org.gradle.internal.metaobject.AbstractDynamicObject.invokeMethod(AbstractDynamicObject.java:163)
[        ]      at org.gradle.groovy.scripts.BasicScript.invokeMethod(BasicScript.java:84)
[        ]      at org.codehaus.groovy.runtime.callsite.PogoMetaClassSite.callCurrent(PogoMetaClassSite.java:68)
[        ]      at org.codehaus.groovy.runtime.callsite.AbstractCallSite.callCurrent(AbstractCallSite.java:185)
[        ]      at build_53scesxicacg0widihevfgsmt.run(C:\wordpress\flutter_project\demo\android\build.gradle:12)
[        ]      at org.gradle.groovy.scripts.internal.DefaultScriptRunnerFactory$ScriptRunnerImpl.run(DefaultScriptRunnerFactory.java:91)
[        ]      at org.gradle.configuration.DefaultScriptPluginFactory$ScriptPluginImpl.lambda$apply$0(DefaultScriptPluginFactory.java:133)
[        ]      at org.gradle.configuration.ProjectScriptTarget.addConfiguration(ProjectScriptTarget.java:79)
[        ]      at org.gradle.configuration.DefaultScriptPluginFactory$ScriptPluginImpl.apply(DefaultScriptPluginFactory.java:136)
[        ]      at org.gradle.configuration.BuildOperationScriptPlugin$1.run(BuildOperationScriptPlugin.java:65)
[        ]      at org.gradle.internal.operations.DefaultBuildOperationRunner$1.execute(DefaultBuildOperationRunner.java:29)
[        ]      at org.gradle.internal.operations.DefaultBuildOperationRunner$1.execute(DefaultBuildOperationRunner.java:26)
[        ]      at org.gradle.internal.operations.DefaultBuildOperationRunner$2.execute(DefaultBuildOperationRunner.java:66)
[        ]      at org.gradle.internal.operations.DefaultBuildOperationRunner$2.execute(DefaultBuildOperationRunner.java:59)
[        ]      at org.gradle.internal.operations.DefaultBuildOperationRunner.execute(DefaultBuildOperationRunner.java:157)
[        ]      at org.gradle.internal.operations.DefaultBuildOperationRunner.execute(DefaultBuildOperationRunner.java:59)
[        ]      at org.gradle.internal.operations.DefaultBuildOperationRunner.run(DefaultBuildOperationRunner.java:47)
[        ]      at org.gradle.internal.operations.DefaultBuildOperationExecutor.run(DefaultBuildOperationExecutor.java:68)
[        ]      at org.gradle.configuration.BuildOperationScriptPlugin.lambda$apply$0(BuildOperationScriptPlugin.java:62)
[        ]      at org.gradle.configuration.internal.DefaultUserCodeApplicationContext.apply(DefaultUserCodeApplicationContext.java:44)
[        ]      at org.gradle.configuration.BuildOperationScriptPlugin.apply(BuildOperationScriptPlugin.java:62)
[        ]      at org.gradle.api.internal.project.DefaultProjectStateRegistry$ProjectStateImpl.lambda$applyToMutableState$0(DefaultProjectStateRegistry.java:360)  
[        ]      at org.gradle.api.internal.project.DefaultProjectStateRegistry$ProjectStateImpl.fromMutableState(DefaultProjectStateRegistry.java:378)
[        ]      at org.gradle.api.internal.project.DefaultProjectStateRegistry$ProjectStateImpl.applyToMutableState(DefaultProjectStateRegistry.java:359)
[        ]      at org.gradle.configuration.project.BuildScriptProcessor.execute(BuildScriptProcessor.java:42)
[        ]      at org.gradle.configuration.project.BuildScriptProcessor.execute(BuildScriptProcessor.java:26)
[        ]      at org.gradle.configuration.project.ConfigureActionsProjectEvaluator.evaluate(ConfigureActionsProjectEvaluator.java:35)
[        ]      at org.gradle.configuration.project.LifecycleProjectEvaluator$EvaluateProject.lambda$run$0(LifecycleProjectEvaluator.java:109)
[        ]      at org.gradle.api.internal.project.DefaultProjectStateRegistry$ProjectStateImpl.lambda$applyToMutableState$0(DefaultProjectStateRegistry.java:360)  
[        ]      at org.gradle.api.internal.project.DefaultProjectStateRegistry$ProjectStateImpl.lambda$withProjectLock$2(DefaultProjectStateRegistry.java:408)      
[        ]      at org.gradle.internal.work.DefaultWorkerLeaseService.withLocks(DefaultWorkerLeaseService.java:270)
[        ]      at org.gradle.api.internal.project.DefaultProjectStateRegistry$ProjectStateImpl.withProjectLock(DefaultProjectStateRegistry.java:408)
[        ]      at org.gradle.api.internal.project.DefaultProjectStateRegistry$ProjectStateImpl.fromMutableState(DefaultProjectStateRegistry.java:389)
[        ]      at org.gradle.api.internal.project.DefaultProjectStateRegistry$ProjectStateImpl.applyToMutableState(DefaultProjectStateRegistry.java:359)
[        ]      at org.gradle.configuration.project.LifecycleProjectEvaluator$EvaluateProject.run(LifecycleProjectEvaluator.java:100)
[        ]      at org.gradle.internal.operations.DefaultBuildOperationRunner$1.execute(DefaultBuildOperationRunner.java:29)
[        ]      at org.gradle.internal.operations.DefaultBuildOperationRunner$1.execute(DefaultBuildOperationRunner.java:26)
[        ]      at org.gradle.internal.operations.DefaultBuildOperationRunner$2.execute(DefaultBuildOperationRunner.java:66)
[        ]      at org.gradle.internal.operations.DefaultBuildOperationRunner$2.execute(DefaultBuildOperationRunner.java:59)
[        ]      at org.gradle.internal.operations.DefaultBuildOperationRunner.execute(DefaultBuildOperationRunner.java:157)
[        ]      at org.gradle.internal.operations.DefaultBuildOperationRunner.execute(DefaultBuildOperationRunner.java:59)
[        ]      at org.gradle.internal.operations.DefaultBuildOperationRunner.run(DefaultBuildOperationRunner.java:47)
[        ]      at org.gradle.internal.operations.DefaultBuildOperationExecutor.run(DefaultBuildOperationExecutor.java:68)
[        ]      at org.gradle.configuration.project.LifecycleProjectEvaluator.evaluate(LifecycleProjectEvaluator.java:72)
[        ]      at org.gradle.api.internal.project.DefaultProject.evaluate(DefaultProject.java:760)
[        ]      at org.gradle.api.internal.project.DefaultProject.evaluate(DefaultProject.java:151)
[        ]      at org.gradle.api.internal.project.DefaultProjectStateRegistry$ProjectStateImpl.ensureConfigured(DefaultProjectStateRegistry.java:328)
[        ]      at org.gradle.execution.TaskPathProjectEvaluator.configure(TaskPathProjectEvaluator.java:33)
[        ]      at org.gradle.execution.TaskPathProjectEvaluator.configureHierarchy(TaskPathProjectEvaluator.java:47)
[        ]      at org.gradle.configuration.DefaultProjectsPreparer.prepareProjects(DefaultProjectsPreparer.java:50)
[   +1 ms]      at org.gradle.configuration.BuildTreePreparingProjectsPreparer.prepareProjects(BuildTreePreparingProjectsPreparer.java:64)
[        ]      at org.gradle.configuration.BuildOperationFiringProjectsPreparer$ConfigureBuild.run(BuildOperationFiringProjectsPreparer.java:52)
[        ]      at org.gradle.internal.operations.DefaultBuildOperationRunner$1.execute(DefaultBuildOperationRunner.java:29)
[        ]      at org.gradle.internal.operations.DefaultBuildOperationRunner$1.execute(DefaultBuildOperationRunner.java:26)
[        ]      at org.gradle.internal.operations.DefaultBuildOperationRunner$2.execute(DefaultBuildOperationRunner.java:66)
[        ]      at org.gradle.internal.operations.DefaultBuildOperationRunner$2.execute(DefaultBuildOperationRunner.java:59)
[        ]      at org.gradle.internal.operations.DefaultBuildOperationRunner.execute(DefaultBuildOperationRunner.java:157)
[        ]      at org.gradle.internal.operations.DefaultBuildOperationRunner.execute(DefaultBuildOperationRunner.java:59)
[        ]      at org.gradle.internal.operations.DefaultBuildOperationRunner.run(DefaultBuildOperationRunner.java:47)
[        ]      at org.gradle.internal.operations.DefaultBuildOperationExecutor.run(DefaultBuildOperationExecutor.java:68)
[        ]      at org.gradle.configuration.BuildOperationFiringProjectsPreparer.prepareProjects(BuildOperationFiringProjectsPreparer.java:40)
[        ]      at org.gradle.initialization.VintageBuildModelController.lambda$prepareProjects$3(VintageBuildModelController.java:89)
[        ]      at org.gradle.internal.model.StateTransitionController.lambda$doTransition$12(StateTransitionController.java:227)
[        ]      at org.gradle.internal.model.StateTransitionController.doTransition(StateTransitionController.java:238)
[        ]      at org.gradle.internal.model.StateTransitionController.doTransition(StateTransitionController.java:226)
[        ]      at org.gradle.internal.model.StateTransitionController.lambda$transitionIfNotPreviously$10(StateTransitionController.java:201)
[        ]      at org.gradle.internal.work.DefaultSynchronizer.withLock(DefaultSynchronizer.java:34)
[        ]      at org.gradle.internal.model.StateTransitionController.transitionIfNotPreviously(StateTransitionController.java:197)
[        ]      at org.gradle.initialization.VintageBuildModelController.prepareProjects(VintageBuildModelController.java:89)
[        ]      at org.gradle.initialization.VintageBuildModelController.prepareToScheduleTasks(VintageBuildModelController.java:71)
[        ]      at org.gradle.internal.build.DefaultBuildLifecycleController.lambda$prepareToScheduleTasks$2(DefaultBuildLifecycleController.java:134)
[        ]      at org.gradle.internal.model.StateTransitionController.lambda$doTransition$12(StateTransitionController.java:227)
[        ]      at org.gradle.internal.model.StateTransitionController.doTransition(StateTransitionController.java:238)
[        ]      at org.gradle.internal.model.StateTransitionController.doTransition(StateTransitionController.java:226)
[        ]      at org.gradle.internal.model.StateTransitionController.lambda$maybeTransition$9(StateTransitionController.java:187)
[        ]      at org.gradle.internal.work.DefaultSynchronizer.withLock(DefaultSynchronizer.java:34)
[        ]      at org.gradle.internal.model.StateTransitionController.maybeTransition(StateTransitionController.java:183)
[        ]      at org.gradle.internal.build.DefaultBuildLifecycleController.prepareToScheduleTasks(DefaultBuildLifecycleController.java:132)
[        ]      at org.gradle.internal.buildtree.DefaultBuildTreeWorkPreparer.scheduleRequestedTasks(DefaultBuildTreeWorkPreparer.java:33)
[        ]      at org.gradle.internal.buildtree.DefaultBuildTreeLifecycleController.lambda$doScheduleAndRunTasks$2(DefaultBuildTreeLifecycleController.java:89)    
[        ]      at org.gradle.composite.internal.DefaultIncludedBuildTaskGraph.withNewWorkGraph(DefaultIncludedBuildTaskGraph.java:75)
[        ]      at org.gradle.internal.buildtree.DefaultBuildTreeLifecycleController.doScheduleAndRunTasks(DefaultBuildTreeLifecycleController.java:88)
[        ]      at org.gradle.internal.buildtree.DefaultBuildTreeLifecycleController.lambda$runBuild$4(DefaultBuildTreeLifecycleController.java:106)
[        ]      at org.gradle.internal.model.StateTransitionController.lambda$transition$6(StateTransitionController.java:166)
[        ]      at org.gradle.internal.model.StateTransitionController.doTransition(StateTransitionController.java:238)
[        ]      at org.gradle.internal.model.StateTransitionController.lambda$transition$7(StateTransitionController.java:166)
[        ]      at org.gradle.internal.work.DefaultSynchronizer.withLock(DefaultSynchronizer.java:44)
[        ]      at org.gradle.internal.model.StateTransitionController.transition(StateTransitionController.java:166)
[        ]      at org.gradle.internal.buildtree.DefaultBuildTreeLifecycleController.runBuild(DefaultBuildTreeLifecycleController.java:103)
[   +1 ms]      at org.gradle.internal.buildtree.DefaultBuildTreeLifecycleController.scheduleAndRunTasks(DefaultBuildTreeLifecycleController.java:69)
[        ]      at org.gradle.tooling.internal.provider.ExecuteBuildActionRunner.run(ExecuteBuildActionRunner.java:31)
[   +1 ms]      at org.gradle.launcher.exec.ChainingBuildActionRunner.run(ChainingBuildActionRunner.java:35)
[        ]      at org.gradle.internal.buildtree.ProblemReportingBuildActionRunner.run(ProblemReportingBuildActionRunner.java:49)
[        ]      at org.gradle.launcher.exec.BuildOutcomeReportingBuildActionRunner.run(BuildOutcomeReportingBuildActionRunner.java:69)
[        ]      at org.gradle.tooling.internal.provider.FileSystemWatchingBuildActionRunner.run(FileSystemWatchingBuildActionRunner.java:119)
[        ]      at org.gradle.launcher.exec.BuildCompletionNotifyingBuildActionRunner.run(BuildCompletionNotifyingBuildActionRunner.java:41)
[        ]      at org.gradle.launcher.exec.RootBuildLifecycleBuildActionExecutor.lambda$execute$0(RootBuildLifecycleBuildActionExecutor.java:40)
[        ]      at org.gradle.composite.internal.DefaultRootBuildState.run(DefaultRootBuildState.java:128)
[        ]      at org.gradle.launcher.exec.RootBuildLifecycleBuildActionExecutor.execute(RootBuildLifecycleBuildActionExecutor.java:40)
[        ]      at org.gradle.internal.buildtree.DefaultBuildTreeContext.execute(DefaultBuildTreeContext.java:40)
[        ]      at org.gradle.launcher.exec.BuildTreeLifecycleBuildActionExecutor.lambda$execute$0(BuildTreeLifecycleBuildActionExecutor.java:65)
[        ]      at org.gradle.internal.buildtree.BuildTreeState.run(BuildTreeState.java:53)
[        ]      at org.gradle.launcher.exec.BuildTreeLifecycleBuildActionExecutor.execute(BuildTreeLifecycleBuildActionExecutor.java:65)
[        ]      at org.gradle.launcher.exec.RunAsBuildOperationBuildActionExecutor$3.call(RunAsBuildOperationBuildActionExecutor.java:61)
[        ]      at org.gradle.launcher.exec.RunAsBuildOperationBuildActionExecutor$3.call(RunAsBuildOperationBuildActionExecutor.java:57)
[        ]      at org.gradle.internal.operations.DefaultBuildOperationRunner$CallableBuildOperationWorker.execute(DefaultBuildOperationRunner.java:204)
[        ]      at org.gradle.internal.operations.DefaultBuildOperationRunner$CallableBuildOperationWorker.execute(DefaultBuildOperationRunner.java:199)
[        ]      at org.gradle.internal.operations.DefaultBuildOperationRunner$2.execute(DefaultBuildOperationRunner.java:66)
[        ]      at org.gradle.internal.operations.DefaultBuildOperationRunner$2.execute(DefaultBuildOperationRunner.java:59)
[        ]      at org.gradle.internal.operations.DefaultBuildOperationRunner.execute(DefaultBuildOperationRunner.java:157)
[        ]      at org.gradle.internal.operations.DefaultBuildOperationRunner.execute(DefaultBuildOperationRunner.java:59)
[        ]      at org.gradle.internal.operations.DefaultBuildOperationRunner.call(DefaultBuildOperationRunner.java:53)
[        ]      at org.gradle.internal.operations.DefaultBuildOperationExecutor.call(DefaultBuildOperationExecutor.java:73)
[        ]      at org.gradle.launcher.exec.RunAsBuildOperationBuildActionExecutor.execute(RunAsBuildOperationBuildActionExecutor.java:57)
[        ]      at org.gradle.launcher.exec.RunAsWorkerThreadBuildActionExecutor.lambda$execute$0(RunAsWorkerThreadBuildActionExecutor.java:36)
[        ]      at org.gradle.internal.work.DefaultWorkerLeaseService.withLocks(DefaultWorkerLeaseService.java:270)
[        ]      at org.gradle.internal.work.DefaultWorkerLeaseService.runAsWorkerThread(DefaultWorkerLeaseService.java:119)
[        ]      at org.gradle.launcher.exec.RunAsWorkerThreadBuildActionExecutor.execute(RunAsWorkerThreadBuildActionExecutor.java:36)
[        ]      at org.gradle.tooling.internal.provider.ContinuousBuildActionExecutor.execute(ContinuousBuildActionExecutor.java:103)
[        ]      at org.gradle.tooling.internal.provider.SubscribableBuildActionExecutor.execute(SubscribableBuildActionExecutor.java:64)
[        ]      at org.gradle.internal.session.DefaultBuildSessionContext.execute(DefaultBuildSessionContext.java:46)
[        ]      at org.gradle.tooling.internal.provider.BuildSessionLifecycleBuildActionExecuter$ActionImpl.apply(BuildSessionLifecycleBuildActionExecuter.java:100)
[        ]      at org.gradle.tooling.internal.provider.BuildSessionLifecycleBuildActionExecuter$ActionImpl.apply(BuildSessionLifecycleBuildActionExecuter.java:88) 
[        ]      at org.gradle.internal.session.BuildSessionState.run(BuildSessionState.java:69)
[        ]      at org.gradle.tooling.internal.provider.BuildSessionLifecycleBuildActionExecuter.execute(BuildSessionLifecycleBuildActionExecuter.java:62)
[        ]      at org.gradle.tooling.internal.provider.BuildSessionLifecycleBuildActionExecuter.execute(BuildSessionLifecycleBuildActionExecuter.java:41)
[        ]      at org.gradle.tooling.internal.provider.StartParamsValidatingActionExecuter.execute(StartParamsValidatingActionExecuter.java:63)
[        ]      at org.gradle.tooling.internal.provider.StartParamsValidatingActionExecuter.execute(StartParamsValidatingActionExecuter.java:31)
[        ]      at org.gradle.tooling.internal.provider.SessionFailureReportingActionExecuter.execute(SessionFailureReportingActionExecuter.java:58)
[        ]      at org.gradle.tooling.internal.provider.SessionFailureReportingActionExecuter.execute(SessionFailureReportingActionExecuter.java:42)
[        ]      at org.gradle.tooling.internal.provider.SetupLoggingActionExecuter.execute(SetupLoggingActionExecuter.java:47)
[        ]      at org.gradle.tooling.internal.provider.SetupLoggingActionExecuter.execute(SetupLoggingActionExecuter.java:31)
[        ]      at org.gradle.launcher.daemon.server.exec.ExecuteBuild.doBuild(ExecuteBuild.java:65)
[        ]      at org.gradle.launcher.daemon.server.exec.BuildCommandOnly.execute(BuildCommandOnly.java:37)
[        ]      at org.gradle.launcher.daemon.server.api.DaemonCommandExecution.proceed(DaemonCommandExecution.java:104)
[        ]      at org.gradle.launcher.daemon.server.exec.WatchForDisconnection.execute(WatchForDisconnection.java:39)
[        ]      at org.gradle.launcher.daemon.server.api.DaemonCommandExecution.proceed(DaemonCommandExecution.java:104)
[        ]      at org.gradle.launcher.daemon.server.exec.ResetDeprecationLogger.execute(ResetDeprecationLogger.java:29)
[        ]      at org.gradle.launcher.daemon.server.api.DaemonCommandExecution.proceed(DaemonCommandExecution.java:104)
[        ]      at org.gradle.launcher.daemon.server.exec.RequestStopIfSingleUsedDaemon.execute(RequestStopIfSingleUsedDaemon.java:35)
[        ]      at org.gradle.launcher.daemon.server.api.DaemonCommandExecution.proceed(DaemonCommandExecution.java:104)
[   +1 ms]      at org.gradle.launcher.daemon.server.exec.ForwardClientInput$2.create(ForwardClientInput.java:78)
[        ]      at org.gradle.launcher.daemon.server.exec.ForwardClientInput$2.create(ForwardClientInput.java:75)
[        ]      at org.gradle.util.internal.Swapper.swap(Swapper.java:38)
[        ]      at org.gradle.launcher.daemon.server.exec.ForwardClientInput.execute(ForwardClientInput.java:75)
[        ]      at org.gradle.launcher.daemon.server.api.DaemonCommandExecution.proceed(DaemonCommandExecution.java:104)
[        ]      at org.gradle.launcher.daemon.server.exec.LogAndCheckHealth.execute(LogAndCheckHealth.java:55)
[        ]      at org.gradle.launcher.daemon.server.api.DaemonCommandExecution.proceed(DaemonCommandExecution.java:104)
[        ]      at org.gradle.launcher.daemon.server.exec.LogToClient.doBuild(LogToClient.java:63)
[        ]      at org.gradle.launcher.daemon.server.exec.BuildCommandOnly.execute(BuildCommandOnly.java:37)
[        ]      at org.gradle.launcher.daemon.server.api.DaemonCommandExecution.proceed(DaemonCommandExecution.java:104)
[        ]      at org.gradle.launcher.daemon.server.exec.EstablishBuildEnvironment.doBuild(EstablishBuildEnvironment.java:84)
[        ]      at org.gradle.launcher.daemon.server.exec.BuildCommandOnly.execute(BuildCommandOnly.java:37)
[        ]      at org.gradle.launcher.daemon.server.api.DaemonCommandExecution.proceed(DaemonCommandExecution.java:104)
[        ]      at org.gradle.launcher.daemon.server.exec.StartBuildOrRespondWithBusy$1.run(StartBuildOrRespondWithBusy.java:52)
[        ]      at org.gradle.launcher.daemon.server.DaemonStateCoordinator$1.run(DaemonStateCoordinator.java:297)
[        ]      at org.gradle.internal.concurrent.ExecutorPolicy$CatchAndRecordFailures.onExecute(ExecutorPolicy.java:64)
[        ]      at org.gradle.internal.concurrent.ManagedExecutorImpl$1.run(ManagedExecutorImpl.java:48)
[        ]      at java.base/java.util.concurrent.ThreadPoolExecutor.runWorker(ThreadPoolExecutor.java:1136)
[        ]      at java.base/java.util.concurrent.ThreadPoolExecutor$Worker.run(ThreadPoolExecutor.java:635)
[        ]      at java.base/java.lang.Thread.run(Thread.java:840)
[        ] Caused by: org.codehaus.groovy.control.MultipleCompilationErrorsException: startup failed:
[        ] build file 'C:\wordpress\flutter_project\demo\android\app\build.gradle': 72: The current scope already contains a variable of the name flutterVersionName
[        ]  @ line 72, column 5.
[        ]    def flutterVersionName = "1.0.0"
[        ]        ^
[        ] build file 'C:\wordpress\flutter_project\demo\android\app\build.gradle': 73: The current scope already contains a variable of the name flutterVersionCode
[        ]  @ line 73, column 5.
[        ]    def flutterVersionCode = 1
[        ]        ^
[        ] 2 errors
[   +1 ms]      at org.codehaus.groovy.control.ErrorCollector.failIfErrors(ErrorCollector.java:295)
[   +1 ms]      at org.codehaus.groovy.control.CompilationUnit$ISourceUnitOperation.doPhaseOperation(CompilationUnit.java:914)
[        ]      at org.codehaus.groovy.control.CompilationUnit.compile(CompilationUnit.java:627)
[        ]      at groovy.lang.GroovyClassLoader.doParseClass(GroovyClassLoader.java:389)
[        ]      at groovy.lang.GroovyClassLoader.lambda$parseClass$3(GroovyClassLoader.java:332)
[        ]      at org.codehaus.groovy.runtime.memoize.StampedCommonCache.compute(StampedCommonCache.java:163)
[        ]      at org.codehaus.groovy.runtime.memoize.StampedCommonCache.getAndPut(StampedCommonCache.java:154)
[        ]      at groovy.lang.GroovyClassLoader.parseClass(GroovyClassLoader.java:330)
[        ]      at org.gradle.groovy.scripts.internal.DefaultScriptCompilationHandler.compileScript(DefaultScriptCompilationHandler.java:139)
[        ]      ... 286 more
[        ] * Get more help at https://help.gradle.org
[        ] BUILD FAILED in 1s
[        ] 4 actionable tasks: 4 up-to-date
[        ] Watched directory hierarchies: [C:\src\flutter\packages\flutter_tools\gradle]
[ +505 ms] Running Gradle task 'assembleDebug'... (completed in 2,048ms)
[+2300 ms] Error: Gradle task assembleDebug failed with exit code 1
[   +2 ms] "flutter run" took 5,740ms.
[  +27 ms] 
           #0      throwToolExit (package:flutter_tools/src/base/common.dart:10:3)
           #1      RunCommand.runCommand (package:flutter_tools/src/commands/run.dart:840:9)
           <asynchronous suspension>
           #2      FlutterCommand.run.<anonymous closure> (package:flutter_tools/src/runner/flutter_command.dart:1394:27)
           <asynchronous suspension>
           #3      AppContext.run.<anonymous closure> (package:flutter_tools/src/base/context.dart:153:19)
           <asynchronous suspension>
           #4      CommandRunner.runCommand (package:args/command_runner.dart:212:13)
           <asynchronous suspension>
           #5      FlutterCommandRunner.runCommand.<anonymous closure> (package:flutter_tools/src/runner/flutter_command_runner.dart:372:9)
           <asynchronous suspension>
           #6      AppContext.run.<anonymous closure> (package:flutter_tools/src/base/context.dart:153:19)
           <asynchronous suspension>
           #7      FlutterCommandRunner.runCommand (package:flutter_tools/src/runner/flutter_command_runner.dart:308:5)
           <asynchronous suspension>
           #8      run.<anonymous closure>.<anonymous closure> (package:flutter_tools/runner.dart:130:9)
           <asynchronous suspension>
           #9      AppContext.run.<anonymous closure> (package:flutter_tools/src/base/context.dart:153:19)
           <asynchronous suspension>
           #10     main (package:flutter_tools/executable.dart:93:3)
           <asynchronous suspension>


[ +141 ms] ensureAnalyticsSent: 137ms
[        ] Running 1 shutdown hook
[   +7 ms] Shutdown hooks complete
[   +6 ms] exiting with code 1
PS C:\wordpress\flutter_project\demo>